[INFO] Scanning for projects...
[INFO] 
[INFO] ------------------------< com.areli:areli-api >-------------------------
[INFO] Building areli-api 0.0.1-SNAPSHOT
[INFO]   from pom.xml
[INFO] --------------------------------[ jar ]---------------------------------
[INFO] 
[INFO] >>> spring-boot:3.4.5:run (default-cli) > test-compile @ areli-api >>>
[INFO] 
[INFO] --- resources:3.3.1:resources (default-resources) @ areli-api ---
[INFO] Copying 1 resource from src\main\resources to target\classes
[INFO] Copying 24 resources from src\main\resources to target\classes
[INFO] 
[INFO] --- compiler:3.13.0:compile (default-compile) @ areli-api ---
[INFO] Nothing to compile - all classes are up to date.
[INFO] 
[INFO] --- resources:3.3.1:testResources (default-testResources) @ areli-api ---
[INFO] skip non existing resourceDirectory C:\SpringProjectsnew\recepcionesareli\areli-api\src\test\resources
[INFO] 
[INFO] --- compiler:3.13.0:testCompile (default-testCompile) @ areli-api ---
[INFO] Recompiling the module because of added or removed source files.
[INFO] Compiling 1 source file with javac [debug parameters release 17] to target\test-classes
[INFO] 
[INFO] <<< spring-boot:3.4.5:run (default-cli) < test-compile @ areli-api <<<
[INFO] 
[INFO] 
[INFO] --- spring-boot:3.4.5:run (default-cli) @ areli-api ---
[INFO] Attaching agents: []

  .   ____          _            __ _ _
 /\\ / ___'_ __ _ _(_)_ __  __ _ \ \ \ \
( ( )\___ | '_ | '_| | '_ \/ _` | \ \ \ \
 \\/  ___)| |_)| | | | | || (_| |  ) ) ) )
  '  |____| .__|_| |_|_| |_\__, | / / / /
 =========|_|==============|___/=/_/_/_/

 :: Spring Boot ::                (v3.4.5)

2026-05-16T16:36:21.548-05:00  INFO 51816 --- [areli-api] [           main] com.areli.api.AreliApiApplication        : Starting AreliApiApplication using Java 17.0.17 with PID 51816 (C:\SpringProjectsnew\recepcionesareli\areli-api\target\classes started by CARLOS in C:\SpringProjectsnew\recepcionesareli\areli-api)
2026-05-16T16:36:21.551-05:00  INFO 51816 --- [areli-api] [           main] com.areli.api.AreliApiApplication        : No active profile set, falling back to 1 default profile: "default"
2026-05-16T16:36:22.216-05:00  INFO 51816 --- [areli-api] [           main] .s.d.r.c.RepositoryConfigurationDelegate : Bootstrapping Spring Data JPA repositories in DEFAULT mode.
2026-05-16T16:36:22.309-05:00  INFO 51816 --- [areli-api] [           main] .s.d.r.c.RepositoryConfigurationDelegate : Finished Spring Data repository scanning in 83 ms. Found 11 JPA repository interfaces.
2026-05-16T16:36:22.735-05:00  INFO 51816 --- [areli-api] [           main] o.s.b.w.embedded.tomcat.TomcatWebServer  : Tomcat initialized with port 8083 (http)
2026-05-16T16:36:22.748-05:00  INFO 51816 --- [areli-api] [           main] o.apache.catalina.core.StandardService   : Starting service [Tomcat]
2026-05-16T16:36:22.749-05:00  INFO 51816 --- [areli-api] [           main] o.apache.catalina.core.StandardEngine    : Starting Servlet engine: [Apache Tomcat/10.1.40]
2026-05-16T16:36:22.795-05:00  INFO 51816 --- [areli-api] [           main] o.a.c.c.C.[Tomcat].[localhost].[/]       : Initializing Spring embedded WebApplicationContext
2026-05-16T16:36:22.795-05:00  INFO 51816 --- [areli-api] [           main] w.s.c.ServletWebServerApplicationContext : Root WebApplicationContext: initialization completed in 1204 ms
2026-05-16T16:36:22.949-05:00  INFO 51816 --- [areli-api] [           main] com.zaxxer.hikari.HikariDataSource       : HikariPool-1 - Starting...
2026-05-16T16:36:24.634-05:00  INFO 51816 --- [areli-api] [           main] com.zaxxer.hikari.HikariDataSource       : HikariPool-1 - Start completed.
2026-05-16T16:36:25.673-05:00  INFO 51816 --- [areli-api] [           main] org.flywaydb.core.FlywayExecutor         : Database: jdbc:postgresql://aws-1-us-east-2.pooler.supabase.com:6543/postgres?sslmode=require&prepareThreshold=0&currentSchema=areli,public (PostgreSQL 17.6)
2026-05-16T16:36:26.891-05:00  INFO 51816 --- [areli-api] [           main] o.f.core.internal.command.DbValidate     : Successfully validated 23 migrations (execution time 00:00.462s)
2026-05-16T16:36:29.082-05:00  INFO 51816 --- [areli-api] [           main] o.f.core.internal.command.DbMigrate      : Current version of schema "areli": 21
2026-05-16T16:36:29.198-05:00  INFO 51816 --- [areli-api] [           main] o.f.core.internal.command.DbMigrate      : Migrating schema "areli" to version "22 - client payment operation number"
2026-05-16T16:36:30.901-05:00  INFO 51816 --- [areli-api] [           main] o.f.core.internal.command.DbMigrate      : Successfully applied 1 migration to schema "areli", now at version v22 (execution time 00:00.326s)
2026-05-16T16:36:31.576-05:00  INFO 51816 --- [areli-api] [           main] o.hibernate.jpa.internal.util.LogHelper  : HHH000204: Processing PersistenceUnitInfo [name: default]
2026-05-16T16:36:31.631-05:00  INFO 51816 --- [areli-api] [           main] org.hibernate.Version                    : HHH000412: Hibernate ORM core version 6.6.13.Final
2026-05-16T16:36:31.660-05:00  INFO 51816 --- [areli-api] [           main] o.h.c.internal.RegionFactoryInitiator    : HHH000026: Second-level cache disabled
2026-05-16T16:36:31.858-05:00  INFO 51816 --- [areli-api] [           main] o.s.o.j.p.SpringPersistenceUnitInfo      : No LoadTimeWeaver setup: ignoring JPA class transformer
2026-05-16T16:36:32.345-05:00  INFO 51816 --- [areli-api] [           main] org.hibernate.orm.connections.pooling    : HHH10001005: Database info:
	Database JDBC URL [Connecting through datasource 'HikariDataSource (HikariPool-1)']
	Database driver: undefined/unknown
	Database version: 17.6
	Autocommit mode: undefined/unknown
	Isolation level: undefined/unknown
	Minimum pool size: undefined/unknown
	Maximum pool size: undefined/unknown
2026-05-16T16:36:33.208-05:00  INFO 51816 --- [areli-api] [           main] o.h.e.t.j.p.i.JtaPlatformInitiator       : HHH000489: No JTA platform available (set 'hibernate.transaction.jta.platform' to enable JTA platform integration)
2026-05-16T16:36:33.211-05:00  INFO 51816 --- [areli-api] [           main] j.LocalContainerEntityManagerFactoryBean : Initialized JPA EntityManagerFactory for persistence unit 'default'
2026-05-16T16:36:33.525-05:00  INFO 51816 --- [areli-api] [           main] o.s.d.j.r.query.QueryEnhancerFactory     : Hibernate is in classpath; If applicable, HQL parser will be used.
2026-05-16T16:36:34.511-05:00  INFO 51816 --- [areli-api] [           main] o.s.b.w.embedded.tomcat.TomcatWebServer  : Tomcat started on port 8083 (http) with context path '/'
2026-05-16T16:36:34.517-05:00  INFO 51816 --- [areli-api] [           main] com.areli.api.AreliApiApplication        : Started AreliApiApplication in 13.401 seconds (process running for 13.611)
2026-05-16T16:36:34.637-05:00  INFO 51816 --- [areli-api] [nio-8083-exec-1] o.a.c.c.C.[Tomcat].[localhost].[/]       : Initializing Spring DispatcherServlet 'dispatcherServlet'
2026-05-16T16:36:34.638-05:00  INFO 51816 --- [areli-api] [nio-8083-exec-1] o.s.web.servlet.DispatcherServlet        : Initializing Servlet 'dispatcherServlet'
2026-05-16T16:36:34.639-05:00  INFO 51816 --- [areli-api] [nio-8083-exec-1] o.s.web.servlet.DispatcherServlet        : Completed initialization in 1 ms
2026-05-16T16:48:46.776-05:00  WARN 51816 --- [areli-api] [l-1 housekeeper] com.zaxxer.hikari.pool.HikariPool        : HikariPool-1 - Thread starvation or clock leap detected (housekeeper delta=51s813ms513µs300ns).
2026-05-16T18:07:30.979-05:00  WARN 51816 --- [areli-api] [l-1 housekeeper] com.zaxxer.hikari.pool.HikariPool        : HikariPool-1 - Thread starvation or clock leap detected (housekeeper delta=1h1m13s844ms221µs100ns).
2026-05-16T18:10:02.961-05:00  WARN 51816 --- [areli-api] [nio-8083-exec-7] com.zaxxer.hikari.pool.PoolBase          : HikariPool-1 - Failed to validate connection org.postgresql.jdbc.PgConnection@7754fd2 (This connection has been closed.). Possibly consider using a shorter maxLifetime value.
2026-05-16T18:10:04.071-05:00  WARN 51816 --- [areli-api] [l-1 housekeeper] com.zaxxer.hikari.pool.HikariPool        : HikariPool-1 - Thread starvation or clock leap detected (housekeeper delta=1m32s437ms30µs800ns).
