[INFO] Scanning for projects...
[INFO] 
[INFO] ------------------------< com.areli:areli-api >-------------------------
[INFO] Building areli-api 0.0.1-SNAPSHOT
[INFO]   from pom.xml
[INFO] --------------------------------[ jar ]---------------------------------
[INFO] 
[INFO] >>> spring-boot:3.4.5:run (default-cli) > test-compile @ areli-api >>>
[INFO] 
[INFO] --- resources:3.3.1:resources (default-resources) @ areli-api ---
[INFO] Copying 1 resource from src\main\resources to target\classes
[INFO] Copying 1 resource from src\main\resources to target\classes
[INFO] 
[INFO] --- compiler:3.13.0:compile (default-compile) @ areli-api ---
[INFO] Nothing to compile - all classes are up to date.
[INFO] 
[INFO] --- resources:3.3.1:testResources (default-testResources) @ areli-api ---
[INFO] skip non existing resourceDirectory C:\SpringProjectsnew\recepcionesareli\areli-api\src\test\resources
[INFO] 
[INFO] --- compiler:3.13.0:testCompile (default-testCompile) @ areli-api ---
[INFO] Nothing to compile - all classes are up to date.
[INFO] 
[INFO] <<< spring-boot:3.4.5:run (default-cli) < test-compile @ areli-api <<<
[INFO] 
[INFO] 
[INFO] --- spring-boot:3.4.5:run (default-cli) @ areli-api ---
[INFO] Attaching agents: []

  .   ____          _            __ _ _
 /\\ / ___'_ __ _ _(_)_ __  __ _ \ \ \ \
( ( )\___ | '_ | '_| | '_ \/ _` | \ \ \ \
 \\/  ___)| |_)| | | | | || (_| |  ) ) ) )
  '  |____| .__|_| |_|_| |_\__, | / / / /
 =========|_|==============|___/=/_/_/_/

 :: Spring Boot ::                (v3.4.5)

2026-05-04T23:31:07.725-05:00  INFO 39212 --- [areli-api] [           main] com.areli.api.AreliApiApplication        : Starting AreliApiApplication using Java 17.0.17 with PID 39212 (C:\SpringProjectsnew\recepcionesareli\areli-api\target\classes started by CARLOS in C:\SpringProjectsnew\recepcionesareli\areli-api)
2026-05-04T23:31:07.725-05:00  INFO 39212 --- [areli-api] [           main] com.areli.api.AreliApiApplication        : No active profile set, falling back to 1 default profile: "default"
2026-05-04T23:31:08.124-05:00  INFO 39212 --- [areli-api] [           main] .s.d.r.c.RepositoryConfigurationDelegate : Bootstrapping Spring Data JPA repositories in DEFAULT mode.
2026-05-04T23:31:08.172-05:00  INFO 39212 --- [areli-api] [           main] .s.d.r.c.RepositoryConfigurationDelegate : Finished Spring Data repository scanning in 34 ms. Found 4 JPA repository interfaces.
2026-05-04T23:31:08.515-05:00  INFO 39212 --- [areli-api] [           main] o.s.b.w.embedded.tomcat.TomcatWebServer  : Tomcat initialized with port 8080 (http)
2026-05-04T23:31:08.524-05:00  INFO 39212 --- [areli-api] [           main] o.apache.catalina.core.StandardService   : Starting service [Tomcat]
2026-05-04T23:31:08.524-05:00  INFO 39212 --- [areli-api] [           main] o.apache.catalina.core.StandardEngine    : Starting Servlet engine: [Apache Tomcat/10.1.40]
2026-05-04T23:31:08.557-05:00  INFO 39212 --- [areli-api] [           main] o.a.c.c.C.[Tomcat].[localhost].[/]       : Initializing Spring embedded WebApplicationContext
2026-05-04T23:31:08.562-05:00  INFO 39212 --- [areli-api] [           main] w.s.c.ServletWebServerApplicationContext : Root WebApplicationContext: initialization completed in 802 ms
2026-05-04T23:31:08.695-05:00  INFO 39212 --- [areli-api] [           main] com.zaxxer.hikari.HikariDataSource       : HikariPool-1 - Starting...
2026-05-04T23:31:10.075-05:00  INFO 39212 --- [areli-api] [           main] com.zaxxer.hikari.pool.HikariPool        : HikariPool-1 - Added connection org.postgresql.jdbc.PgConnection@194012a2
2026-05-04T23:31:10.075-05:00  INFO 39212 --- [areli-api] [           main] com.zaxxer.hikari.HikariDataSource       : HikariPool-1 - Start completed.
2026-05-04T23:31:10.208-05:00  INFO 39212 --- [areli-api] [           main] org.flywaydb.core.FlywayExecutor         : Database: jdbc:postgresql://aws-1-us-east-2.pooler.supabase.com:5432/postgres?sslmode=require&currentSchema=areli,public (PostgreSQL 17.6)
2026-05-04T23:31:11.141-05:00  INFO 39212 --- [areli-api] [           main] o.f.core.internal.database.base.Schema   : Creating schema "areli" ...
2026-05-04T23:31:11.591-05:00  INFO 39212 --- [areli-api] [           main] o.f.c.i.s.JdbcTableSchemaHistory         : Creating Schema History table "areli"."flyway_schema_history" ...
2026-05-04T23:31:14.448-05:00  INFO 39212 --- [areli-api] [           main] o.f.core.internal.command.DbMigrate      : Current version of schema "areli": null
2026-05-04T23:31:14.857-05:00  INFO 39212 --- [areli-api] [           main] o.f.core.internal.command.DbMigrate      : Migrating schema "areli" to version "1 - initial schema"
2026-05-04T23:31:15.090-05:00  WARN 39212 --- [areli-api] [           main] o.f.c.i.s.DefaultSqlScriptExecutor       : DB: extension "pgcrypto" already exists, skipping (SQL State: 42710 - Error Code: 0)
2026-05-04T23:31:18.211-05:00  INFO 39212 --- [areli-api] [           main] o.f.core.internal.command.DbMigrate      : Successfully applied 1 migration to schema "areli", now at version v1 (execution time 00:02.327s)
2026-05-04T23:31:18.997-05:00  INFO 39212 --- [areli-api] [           main] o.hibernate.jpa.internal.util.LogHelper  : HHH000204: Processing PersistenceUnitInfo [name: default]
2026-05-04T23:31:19.037-05:00  INFO 39212 --- [areli-api] [           main] org.hibernate.Version                    : HHH000412: Hibernate ORM core version 6.6.13.Final
2026-05-04T23:31:19.062-05:00  INFO 39212 --- [areli-api] [           main] o.h.c.internal.RegionFactoryInitiator    : HHH000026: Second-level cache disabled
2026-05-04T23:31:19.290-05:00  INFO 39212 --- [areli-api] [           main] o.s.o.j.p.SpringPersistenceUnitInfo      : No LoadTimeWeaver setup: ignoring JPA class transformer
2026-05-04T23:31:19.784-05:00  INFO 39212 --- [areli-api] [           main] org.hibernate.orm.connections.pooling    : HHH10001005: Database info:
	Database JDBC URL [Connecting through datasource 'HikariDataSource (HikariPool-1)']
	Database driver: undefined/unknown
	Database version: 17.6
	Autocommit mode: undefined/unknown
	Isolation level: undefined/unknown
	Minimum pool size: undefined/unknown
	Maximum pool size: undefined/unknown
2026-05-04T23:31:20.889-05:00  INFO 39212 --- [areli-api] [           main] o.h.e.t.j.p.i.JtaPlatformInitiator       : HHH000489: No JTA platform available (set 'hibernate.transaction.jta.platform' to enable JTA platform integration)
2026-05-04T23:31:20.893-05:00  INFO 39212 --- [areli-api] [           main] j.LocalContainerEntityManagerFactoryBean : Initialized JPA EntityManagerFactory for persistence unit 'default'
2026-05-04T23:31:21.339-05:00  INFO 39212 --- [areli-api] [           main] o.s.d.j.r.query.QueryEnhancerFactory     : Hibernate is in classpath; If applicable, HQL parser will be used.
2026-05-04T23:31:22.299-05:00  INFO 39212 --- [areli-api] [           main] o.s.b.w.embedded.tomcat.TomcatWebServer  : Tomcat started on port 8080 (http) with context path '/'
2026-05-04T23:31:22.312-05:00  INFO 39212 --- [areli-api] [           main] com.areli.api.AreliApiApplication        : Started AreliApiApplication in 14.889 seconds (process running for 15.094)
2026-05-04T23:31:23.031-05:00  INFO 39212 --- [areli-api] [nio-8080-exec-1] o.a.c.c.C.[Tomcat].[localhost].[/]       : Initializing Spring DispatcherServlet 'dispatcherServlet'
2026-05-04T23:31:23.031-05:00  INFO 39212 --- [areli-api] [nio-8080-exec-1] o.s.web.servlet.DispatcherServlet        : Initializing Servlet 'dispatcherServlet'
2026-05-04T23:31:23.033-05:00  INFO 39212 --- [areli-api] [nio-8080-exec-1] o.s.web.servlet.DispatcherServlet        : Completed initialization in 1 ms
2026-05-05T08:39:23.861-05:00  WARN 39212 --- [areli-api] [l-1 housekeeper] com.zaxxer.hikari.pool.HikariPool        : HikariPool-1 - Thread starvation or clock leap detected (housekeeper delta=8h36m13s171ms130盜800ns).
2026-05-05T10:07:29.847-05:00  WARN 39212 --- [areli-api] [l-1 housekeeper] com.zaxxer.hikari.pool.HikariPool        : HikariPool-1 - Thread starvation or clock leap detected (housekeeper delta=33m9s392ms467盜600ns).
